-------------------------------------------------------------------------------
Test set: com.tmt.kontroll.test.persistence.run.data.preparation.entity.values.provision.ValueProvisionPreparerTest
-------------------------------------------------------------------------------
Tests run: 10, Failures: 3, Errors: 0, Skipped: 0, Time elapsed: 2.042 sec <<< FAILURE!
testThatValuePreparationWorksForEnumWhenFieldIsNull(com.tmt.kontroll.test.persistence.run.data.preparation.entity.values.provision.ValueProvisionPreparerTest)  Time elapsed: 0.309 sec  <<< FAILURE!
org.mockito.exceptions.verification.WantedButNotInvoked: 
Wanted but not invoked:
enumValueProviderFactory.create(
    valueProvisionHandler,
    class com.tmt.kontroll.test.persistence.run.data.preparation.entity.values.provision.ValueProvisionPreparerTest$DummyEnum
);
-> at com.tmt.kontroll.test.persistence.run.data.preparation.entity.values.provision.ValueProvisionPreparerTest.testThatValuePreparationWorksForEnumWhenFieldIsNull(ValueProvisionPreparerTest.java:145)
Actually, there were zero interactions with this mock.

	at com.tmt.kontroll.test.persistence.run.data.preparation.entity.values.provision.ValueProvisionPreparerTest.testThatValuePreparationWorksForEnumWhenFieldIsNull(ValueProvisionPreparerTest.java:145)

testThatValuePreparationWorksForEnum(com.tmt.kontroll.test.persistence.run.data.preparation.entity.values.provision.ValueProvisionPreparerTest)  Time elapsed: 0.001 sec  <<< FAILURE!
org.mockito.exceptions.verification.WantedButNotInvoked: 
Wanted but not invoked:
enumValueProviderFactory.create(
    valueProvisionHandler,
    class com.tmt.kontroll.test.persistence.run.data.preparation.entity.values.provision.ValueProvisionPreparerTest$DummyEnum
);
-> at com.tmt.kontroll.test.persistence.run.data.preparation.entity.values.provision.ValueProvisionPreparerTest.testThatValuePreparationWorksForEnum(ValueProvisionPreparerTest.java:136)
Actually, there were zero interactions with this mock.

	at com.tmt.kontroll.test.persistence.run.data.preparation.entity.values.provision.ValueProvisionPreparerTest.testThatValuePreparationWorksForEnum(ValueProvisionPreparerTest.java:136)

testThatValuePreparationWorksForEnumMap(com.tmt.kontroll.test.persistence.run.data.preparation.entity.values.provision.ValueProvisionPreparerTest)  Time elapsed: 0 sec  <<< FAILURE!
org.mockito.exceptions.verification.WantedButNotInvoked: 
Wanted but not invoked:
enumMapValueProviderFactory.create(
    valueProvisionHandler,
    class com.tmt.kontroll.test.persistence.run.data.preparation.entity.values.provision.ValueProvisionPreparerTest$DummyEnum
);
-> at com.tmt.kontroll.test.persistence.run.data.preparation.entity.values.provision.ValueProvisionPreparerTest.testThatValuePreparationWorksForEnumMap(ValueProvisionPreparerTest.java:154)
Actually, there were zero interactions with this mock.

	at com.tmt.kontroll.test.persistence.run.data.preparation.entity.values.provision.ValueProvisionPreparerTest.testThatValuePreparationWorksForEnumMap(ValueProvisionPreparerTest.java:154)

