-------------------------------------------------------------------------------
Test set: com.tmt.kontroll.test.persistence.run.data.preparation.entity.values.provision.ValueProvisionHandlerTest
-------------------------------------------------------------------------------
Tests run: 7, Failures: 0, Errors: 3, Skipped: 0, Time elapsed: 1.115 sec <<< FAILURE!
testThatProvideWorksForCollection(com.tmt.kontroll.test.persistence.run.data.preparation.entity.values.provision.ValueProvisionHandlerTest)  Time elapsed: 0.011 sec  <<< ERROR!
com.tmt.kontroll.test.persistence.run.utils.exceptions.value.provision.ValueProviderNotFoundException: Exception Context:
	[1:kind of value=ZeroDimensional]
	[2:entity type=com.tmt.kontroll.test.persistence.run.data.preparation.entity.values.provision.ValueProvisionHandlerTest$Dummy]
	[3:collection type=java.util.List]
	[4:item type=java.lang.String]
---------------------------------
	at com.tmt.kontroll.test.persistence.run.utils.exceptions.value.provision.ValueProviderNotFoundException.prepareWithTypes(ValueProviderNotFoundException.java:47)
	at com.tmt.kontroll.test.persistence.run.data.preparation.entity.values.provision.ValueProvider.provide(ValueProvider.java:55)
	at com.tmt.kontroll.test.persistence.run.data.preparation.entity.values.provision.ValueProvider.provide(ValueProvider.java:57)
	at com.tmt.kontroll.test.persistence.run.data.preparation.entity.values.provision.ValueProvider.provide(ValueProvider.java:57)
	at com.tmt.kontroll.test.persistence.run.data.preparation.entity.values.provision.ValueProvider.provide(ValueProvider.java:57)
	at com.tmt.kontroll.test.persistence.run.data.preparation.entity.values.provision.ValueProvider.provide(ValueProvider.java:57)
	at com.tmt.kontroll.test.persistence.run.data.preparation.entity.values.provision.ValueProvider.provide(ValueProvider.java:57)
	at com.tmt.kontroll.test.persistence.run.data.preparation.entity.values.provision.ValueProvider.provide(ValueProvider.java:57)
	at com.tmt.kontroll.test.persistence.run.data.preparation.entity.values.provision.ValueProvider.provide(ValueProvider.java:57)
	at com.tmt.kontroll.test.persistence.run.data.preparation.entity.values.provision.ValueProvider.provide(ValueProvider.java:57)
	at com.tmt.kontroll.test.persistence.run.data.preparation.entity.values.provision.ValueProvider.provide(ValueProvider.java:57)
	at com.tmt.kontroll.test.persistence.run.data.preparation.entity.values.provision.ValueProvider.provide(ValueProvider.java:57)
	at com.tmt.kontroll.test.persistence.run.data.preparation.entity.values.provision.ValueProvider.provide(ValueProvider.java:57)
	at com.tmt.kontroll.test.persistence.run.data.preparation.entity.values.provision.ValueProvider.provide(ValueProvider.java:57)
	at com.tmt.kontroll.test.persistence.run.data.preparation.entity.values.provision.ValueProvider.provide(ValueProvider.java:57)
	at com.tmt.kontroll.test.persistence.run.data.preparation.entity.values.provision.ValueProvider.provide(ValueProvider.java:57)
	at com.tmt.kontroll.test.persistence.run.data.preparation.entity.values.provision.ValueProvider.provide(ValueProvider.java:57)
	at com.tmt.kontroll.test.persistence.run.data.preparation.entity.values.provision.ValueProvider.provide(ValueProvider.java:57)
	at com.tmt.kontroll.test.persistence.run.data.preparation.entity.values.provision.ValueProvisionHandler.provide(ValueProvisionHandler.java:119)
	at com.tmt.kontroll.test.persistence.run.data.preparation.entity.values.provision.ValueProvisionHandler.provide(ValueProvisionHandler.java:105)
	at com.tmt.kontroll.test.persistence.run.data.preparation.entity.values.provision.ValueProvisionHandlerTest.testThatProvideWorksForCollection(ValueProvisionHandlerTest.java:89)

testThatProvideWorksForArray(com.tmt.kontroll.test.persistence.run.data.preparation.entity.values.provision.ValueProvisionHandlerTest)  Time elapsed: 0 sec  <<< ERROR!
com.tmt.kontroll.test.persistence.run.utils.exceptions.value.provision.ValueProviderNotFoundException: Exception Context:
	[1:kind of value=ZeroDimensional]
	[2:entity type=com.tmt.kontroll.test.persistence.run.data.preparation.entity.values.provision.ValueProvisionHandlerTest$Dummy]
	[3:collection type=[Ljava.lang.String;]
	[4:item type=java.lang.String]
---------------------------------
	at com.tmt.kontroll.test.persistence.run.utils.exceptions.value.provision.ValueProviderNotFoundException.prepareWithTypes(ValueProviderNotFoundException.java:47)
	at com.tmt.kontroll.test.persistence.run.data.preparation.entity.values.provision.ValueProvider.provide(ValueProvider.java:55)
	at com.tmt.kontroll.test.persistence.run.data.preparation.entity.values.provision.ValueProvider.provide(ValueProvider.java:57)
	at com.tmt.kontroll.test.persistence.run.data.preparation.entity.values.provision.ValueProvider.provide(ValueProvider.java:57)
	at com.tmt.kontroll.test.persistence.run.data.preparation.entity.values.provision.ValueProvider.provide(ValueProvider.java:57)
	at com.tmt.kontroll.test.persistence.run.data.preparation.entity.values.provision.ValueProvider.provide(ValueProvider.java:57)
	at com.tmt.kontroll.test.persistence.run.data.preparation.entity.values.provision.ValueProvider.provide(ValueProvider.java:57)
	at com.tmt.kontroll.test.persistence.run.data.preparation.entity.values.provision.ValueProvider.provide(ValueProvider.java:57)
	at com.tmt.kontroll.test.persistence.run.data.preparation.entity.values.provision.ValueProvider.provide(ValueProvider.java:57)
	at com.tmt.kontroll.test.persistence.run.data.preparation.entity.values.provision.ValueProvider.provide(ValueProvider.java:57)
	at com.tmt.kontroll.test.persistence.run.data.preparation.entity.values.provision.ValueProvider.provide(ValueProvider.java:57)
	at com.tmt.kontroll.test.persistence.run.data.preparation.entity.values.provision.ValueProvider.provide(ValueProvider.java:57)
	at com.tmt.kontroll.test.persistence.run.data.preparation.entity.values.provision.ValueProvider.provide(ValueProvider.java:57)
	at com.tmt.kontroll.test.persistence.run.data.preparation.entity.values.provision.ValueProvider.provide(ValueProvider.java:57)
	at com.tmt.kontroll.test.persistence.run.data.preparation.entity.values.provision.ValueProvider.provide(ValueProvider.java:57)
	at com.tmt.kontroll.test.persistence.run.data.preparation.entity.values.provision.ValueProvider.provide(ValueProvider.java:57)
	at com.tmt.kontroll.test.persistence.run.data.preparation.entity.values.provision.ValueProvider.provide(ValueProvider.java:57)
	at com.tmt.kontroll.test.persistence.run.data.preparation.entity.values.provision.ValueProvider.provide(ValueProvider.java:57)
	at com.tmt.kontroll.test.persistence.run.data.preparation.entity.values.provision.ValueProvisionHandler.provide(ValueProvisionHandler.java:119)
	at com.tmt.kontroll.test.persistence.run.data.preparation.entity.values.provision.ValueProvisionHandler.provide(ValueProvisionHandler.java:105)
	at com.tmt.kontroll.test.persistence.run.data.preparation.entity.values.provision.ValueProvisionHandlerTest.testThatProvideWorksForArray(ValueProvisionHandlerTest.java:100)

testThatProvideWorksForMap(com.tmt.kontroll.test.persistence.run.data.preparation.entity.values.provision.ValueProvisionHandlerTest)  Time elapsed: 0.004 sec  <<< ERROR!
com.tmt.kontroll.test.persistence.run.utils.exceptions.value.provision.ValueProviderNotFoundException: Exception Context:
	[1:kind of value=ZeroDimensional]
	[2:entity type=com.tmt.kontroll.test.persistence.run.data.preparation.entity.values.provision.ValueProvisionHandlerTest$Dummy]
	[3:map type=java.util.Map]
	[4:key type=java.lang.String]
	[5:value type=java.lang.Integer]
---------------------------------
	at com.tmt.kontroll.test.persistence.run.utils.exceptions.value.provision.ValueProviderNotFoundException.prepareWithTypes(ValueProviderNotFoundException.java:47)
	at com.tmt.kontroll.test.persistence.run.data.preparation.entity.values.provision.ValueProvider.provide(ValueProvider.java:55)
	at com.tmt.kontroll.test.persistence.run.data.preparation.entity.values.provision.ValueProvider.provide(ValueProvider.java:57)
	at com.tmt.kontroll.test.persistence.run.data.preparation.entity.values.provision.ValueProvider.provide(ValueProvider.java:57)
	at com.tmt.kontroll.test.persistence.run.data.preparation.entity.values.provision.ValueProvider.provide(ValueProvider.java:57)
	at com.tmt.kontroll.test.persistence.run.data.preparation.entity.values.provision.ValueProvider.provide(ValueProvider.java:57)
	at com.tmt.kontroll.test.persistence.run.data.preparation.entity.values.provision.ValueProvider.provide(ValueProvider.java:57)
	at com.tmt.kontroll.test.persistence.run.data.preparation.entity.values.provision.ValueProvider.provide(ValueProvider.java:57)
	at com.tmt.kontroll.test.persistence.run.data.preparation.entity.values.provision.ValueProvider.provide(ValueProvider.java:57)
	at com.tmt.kontroll.test.persistence.run.data.preparation.entity.values.provision.ValueProvider.provide(ValueProvider.java:57)
	at com.tmt.kontroll.test.persistence.run.data.preparation.entity.values.provision.ValueProvider.provide(ValueProvider.java:57)
	at com.tmt.kontroll.test.persistence.run.data.preparation.entity.values.provision.ValueProvider.provide(ValueProvider.java:57)
	at com.tmt.kontroll.test.persistence.run.data.preparation.entity.values.provision.ValueProvider.provide(ValueProvider.java:57)
	at com.tmt.kontroll.test.persistence.run.data.preparation.entity.values.provision.ValueProvider.provide(ValueProvider.java:57)
	at com.tmt.kontroll.test.persistence.run.data.preparation.entity.values.provision.ValueProvider.provide(ValueProvider.java:57)
	at com.tmt.kontroll.test.persistence.run.data.preparation.entity.values.provision.ValueProvider.provide(ValueProvider.java:57)
	at com.tmt.kontroll.test.persistence.run.data.preparation.entity.values.provision.ValueProvider.provide(ValueProvider.java:57)
	at com.tmt.kontroll.test.persistence.run.data.preparation.entity.values.provision.ValueProvider.provide(ValueProvider.java:57)
	at com.tmt.kontroll.test.persistence.run.data.preparation.entity.values.provision.ValueProvisionHandler.provide(ValueProvisionHandler.java:119)
	at com.tmt.kontroll.test.persistence.run.data.preparation.entity.values.provision.ValueProvisionHandler.provide(ValueProvisionHandler.java:105)
	at com.tmt.kontroll.test.persistence.run.data.preparation.entity.values.provision.ValueProvisionHandlerTest.testThatProvideWorksForMap(ValueProvisionHandlerTest.java:112)

