-------------------------------------------------------------------------------
Test set: com.tmt.kontroll.test.persistence.run.data.preparation.entity.values.provision.ValueProvisionHandlerPreparerTest
-------------------------------------------------------------------------------
Tests run: 8, Failures: 4, Errors: 0, Skipped: 0, Time elapsed: 1.532 sec <<< FAILURE!
testThatPreparationDoesNotTreatEveryMapAsAnEnumMap(com.tmt.kontroll.test.persistence.run.data.preparation.entity.values.provision.ValueProvisionHandlerPreparerTest)  Time elapsed: 0.593 sec  <<< FAILURE!
org.mockito.exceptions.verification.NeverWantedButInvoked: 
idValueProviderFactory.create(
    valueProvisionHandler,
    class com.tmt.kontroll.test.persistence.run.data.preparation.entity.values.provision.ValueProvisionHandlerPreparerTest$Dummy,
    class java.lang.String
);
Never wanted here:
-> at com.tmt.kontroll.test.persistence.run.data.preparation.entity.values.provision.ValueProvisionHandlerPreparerTest.testThatPreparationDoesNotTreatEveryMapAsAnEnumMap(ValueProvisionHandlerPreparerTest.java:137)
But invoked here:
-> at com.tmt.kontroll.test.persistence.run.data.preparation.entity.values.provision.ValueProvisionHandlerPreparer.prepareIdValueProvision(ValueProvisionHandlerPreparer.java:66)

	at com.tmt.kontroll.test.persistence.run.data.preparation.entity.values.provision.ValueProvisionHandlerPreparerTest.testThatPreparationDoesNotTreatEveryMapAsAnEnumMap(ValueProvisionHandlerPreparerTest.java:137)

testThatPreparationWorksForArray(com.tmt.kontroll.test.persistence.run.data.preparation.entity.values.provision.ValueProvisionHandlerPreparerTest)  Time elapsed: 0.012 sec  <<< FAILURE!
org.mockito.exceptions.verification.WantedButNotInvoked: 
Wanted but not invoked:
arrayValueProviderFactory.create(
    valueProvisionHandler,
    class [Ljava.lang.String;
);
-> at com.tmt.kontroll.test.persistence.run.data.preparation.entity.values.provision.ValueProvisionHandlerPreparerTest.testThatPreparationWorksForArray(ValueProvisionHandlerPreparerTest.java:91)
Actually, there were zero interactions with this mock.

	at com.tmt.kontroll.test.persistence.run.data.preparation.entity.values.provision.ValueProvisionHandlerPreparerTest.testThatPreparationWorksForArray(ValueProvisionHandlerPreparerTest.java:91)

testThatPreparationWorksForEnum(com.tmt.kontroll.test.persistence.run.data.preparation.entity.values.provision.ValueProvisionHandlerPreparerTest)  Time elapsed: 0.011 sec  <<< FAILURE!
org.mockito.exceptions.verification.WantedButNotInvoked: 
Wanted but not invoked:
enumValueProviderFactory.create(
    valueProvisionHandler,
    class com.tmt.kontroll.test.persistence.run.data.preparation.entity.values.provision.ValueProvisionHandlerPreparerTest$DummyEnum
);
-> at com.tmt.kontroll.test.persistence.run.data.preparation.entity.values.provision.ValueProvisionHandlerPreparerTest.testThatPreparationWorksForEnum(ValueProvisionHandlerPreparerTest.java:103)
Actually, there were zero interactions with this mock.

	at com.tmt.kontroll.test.persistence.run.data.preparation.entity.values.provision.ValueProvisionHandlerPreparerTest.testThatPreparationWorksForEnum(ValueProvisionHandlerPreparerTest.java:103)

testThatPreparationWorksForEnumMap(com.tmt.kontroll.test.persistence.run.data.preparation.entity.values.provision.ValueProvisionHandlerPreparerTest)  Time elapsed: 0 sec  <<< FAILURE!
org.mockito.exceptions.verification.NeverWantedButInvoked: 
idValueProviderFactory.create(
    valueProvisionHandler,
    class com.tmt.kontroll.test.persistence.run.data.preparation.entity.values.provision.ValueProvisionHandlerPreparerTest$Dummy,
    class java.lang.String
);
Never wanted here:
-> at com.tmt.kontroll.test.persistence.run.data.preparation.entity.values.provision.ValueProvisionHandlerPreparerTest.testThatPreparationWorksForEnumMap(ValueProvisionHandlerPreparerTest.java:126)
But invoked here:
-> at com.tmt.kontroll.test.persistence.run.data.preparation.entity.values.provision.ValueProvisionHandlerPreparer.prepareIdValueProvision(ValueProvisionHandlerPreparer.java:66)

	at com.tmt.kontroll.test.persistence.run.data.preparation.entity.values.provision.ValueProvisionHandlerPreparerTest.testThatPreparationWorksForEnumMap(ValueProvisionHandlerPreparerTest.java:126)

