<?xml version="1.0" encoding="UTF-8"?>
<testsuite name="com.tmt.kontroll.test.persistence.run.data.preparation.entity.values.provision.ValueProvisionHandlerPreparerTest" time="0.694" tests="8" errors="0" skipped="0" failures="4">
  <properties>
[...]
</properties>
  <testcase name="testThatPreparationDoesNotTreatEveryMapAsAnEnumMap" classname="com.tmt.kontroll.test.persistence.run.data.preparation.entity.values.provision.ValueProvisionHandlerPreparerTest" time="0.593">
    <failure message="&#10;idValueProviderFactory.create(&#10;    valueProvisionHandler,&#10;    class com.tmt.kontroll.test.persistence.run.data.preparation.entity.values.provision.ValueProvisionHandlerPreparerTest$Dummy,&#10;    class java.lang.String&#10;);&#10;Never wanted here:&#10;-&gt; at com.tmt.kontroll.test.persistence.run.data.preparation.entity.values.provision.ValueProvisionHandlerPreparerTest.testThatPreparationDoesNotTreatEveryMapAsAnEnumMap(ValueProvisionHandlerPreparerTest.java:137)&#10;But invoked here:&#10;-&gt; at com.tmt.kontroll.test.persistence.run.data.preparation.entity.values.provision.ValueProvisionHandlerPreparer.prepareIdValueProvision(ValueProvisionHandlerPreparer.java:66)&#10;" type="org.mockito.exceptions.verification.NeverWantedButInvoked">org.mockito.exceptions.verification.NeverWantedButInvoked: 
idValueProviderFactory.create(
    valueProvisionHandler,
    class com.tmt.kontroll.test.persistence.run.data.preparation.entity.values.provision.ValueProvisionHandlerPreparerTest$Dummy,
    class java.lang.String
);
Never wanted here:
-> at com.tmt.kontroll.test.persistence.run.data.preparation.entity.values.provision.ValueProvisionHandlerPreparerTest.testThatPreparationDoesNotTreatEveryMapAsAnEnumMap(ValueProvisionHandlerPreparerTest.java:137)
But invoked here:
-> at com.tmt.kontroll.test.persistence.run.data.preparation.entity.values.provision.ValueProvisionHandlerPreparer.prepareIdValueProvision(ValueProvisionHandlerPreparer.java:66)

	at com.tmt.kontroll.test.persistence.run.data.preparation.entity.values.provision.ValueProvisionHandlerPreparerTest.testThatPreparationDoesNotTreatEveryMapAsAnEnumMap(ValueProvisionHandlerPreparerTest.java:137)
</failure>
  </testcase>
  <testcase name="testThatPreparationDoesNothingForStandardFields" classname="com.tmt.kontroll.test.persistence.run.data.preparation.entity.values.provision.ValueProvisionHandlerPreparerTest" time="0.014"/>
  <testcase name="testThatPreparationDoesNothingIfNotArrayButThreeTypes" classname="com.tmt.kontroll.test.persistence.run.data.preparation.entity.values.provision.ValueProvisionHandlerPreparerTest" time="0.01"/>
  <testcase name="testThatPreparationWorksForArray" classname="com.tmt.kontroll.test.persistence.run.data.preparation.entity.values.provision.ValueProvisionHandlerPreparerTest" time="0.012">
    <failure message="&#10;Wanted but not invoked:&#10;arrayValueProviderFactory.create(&#10;    valueProvisionHandler,&#10;    class [Ljava.lang.String;&#10;);&#10;-&gt; at com.tmt.kontroll.test.persistence.run.data.preparation.entity.values.provision.ValueProvisionHandlerPreparerTest.testThatPreparationWorksForArray(ValueProvisionHandlerPreparerTest.java:91)&#10;Actually, there were zero interactions with this mock.&#10;" type="org.mockito.exceptions.verification.WantedButNotInvoked">org.mockito.exceptions.verification.WantedButNotInvoked: 
Wanted but not invoked:
arrayValueProviderFactory.create(
    valueProvisionHandler,
    class [Ljava.lang.String;
);
-> at com.tmt.kontroll.test.persistence.run.data.preparation.entity.values.provision.ValueProvisionHandlerPreparerTest.testThatPreparationWorksForArray(ValueProvisionHandlerPreparerTest.java:91)
Actually, there were zero interactions with this mock.

	at com.tmt.kontroll.test.persistence.run.data.preparation.entity.values.provision.ValueProvisionHandlerPreparerTest.testThatPreparationWorksForArray(ValueProvisionHandlerPreparerTest.java:91)
</failure>
  </testcase>
  <testcase name="testThatPreparationWorksForEnum" classname="com.tmt.kontroll.test.persistence.run.data.preparation.entity.values.provision.ValueProvisionHandlerPreparerTest" time="0.011">
    <failure message="&#10;Wanted but not invoked:&#10;enumValueProviderFactory.create(&#10;    valueProvisionHandler,&#10;    class com.tmt.kontroll.test.persistence.run.data.preparation.entity.values.provision.ValueProvisionHandlerPreparerTest$DummyEnum&#10;);&#10;-&gt; at com.tmt.kontroll.test.persistence.run.data.preparation.entity.values.provision.ValueProvisionHandlerPreparerTest.testThatPreparationWorksForEnum(ValueProvisionHandlerPreparerTest.java:103)&#10;Actually, there were zero interactions with this mock.&#10;" type="org.mockito.exceptions.verification.WantedButNotInvoked">org.mockito.exceptions.verification.WantedButNotInvoked: 
Wanted but not invoked:
enumValueProviderFactory.create(
    valueProvisionHandler,
    class com.tmt.kontroll.test.persistence.run.data.preparation.entity.values.provision.ValueProvisionHandlerPreparerTest$DummyEnum
);
-> at com.tmt.kontroll.test.persistence.run.data.preparation.entity.values.provision.ValueProvisionHandlerPreparerTest.testThatPreparationWorksForEnum(ValueProvisionHandlerPreparerTest.java:103)
Actually, there were zero interactions with this mock.

	at com.tmt.kontroll.test.persistence.run.data.preparation.entity.values.provision.ValueProvisionHandlerPreparerTest.testThatPreparationWorksForEnum(ValueProvisionHandlerPreparerTest.java:103)
</failure>
  </testcase>
  <testcase name="testThatPreparationWorksForId" classname="com.tmt.kontroll.test.persistence.run.data.preparation.entity.values.provision.ValueProvisionHandlerPreparerTest" time="0.045"/>
  <testcase name="testThatPreparationWorksForEnumMap" classname="com.tmt.kontroll.test.persistence.run.data.preparation.entity.values.provision.ValueProvisionHandlerPreparerTest" time="0">
    <failure message="&#10;idValueProviderFactory.create(&#10;    valueProvisionHandler,&#10;    class com.tmt.kontroll.test.persistence.run.data.preparation.entity.values.provision.ValueProvisionHandlerPreparerTest$Dummy,&#10;    class java.lang.String&#10;);&#10;Never wanted here:&#10;-&gt; at com.tmt.kontroll.test.persistence.run.data.preparation.entity.values.provision.ValueProvisionHandlerPreparerTest.testThatPreparationWorksForEnumMap(ValueProvisionHandlerPreparerTest.java:126)&#10;But invoked here:&#10;-&gt; at com.tmt.kontroll.test.persistence.run.data.preparation.entity.values.provision.ValueProvisionHandlerPreparer.prepareIdValueProvision(ValueProvisionHandlerPreparer.java:66)&#10;" type="org.mockito.exceptions.verification.NeverWantedButInvoked">org.mockito.exceptions.verification.NeverWantedButInvoked: 
idValueProviderFactory.create(
    valueProvisionHandler,
    class com.tmt.kontroll.test.persistence.run.data.preparation.entity.values.provision.ValueProvisionHandlerPreparerTest$Dummy,
    class java.lang.String
);
Never wanted here:
-> at com.tmt.kontroll.test.persistence.run.data.preparation.entity.values.provision.ValueProvisionHandlerPreparerTest.testThatPreparationWorksForEnumMap(ValueProvisionHandlerPreparerTest.java:126)
But invoked here:
-> at com.tmt.kontroll.test.persistence.run.data.preparation.entity.values.provision.ValueProvisionHandlerPreparer.prepareIdValueProvision(ValueProvisionHandlerPreparer.java:66)

	at com.tmt.kontroll.test.persistence.run.data.preparation.entity.values.provision.ValueProvisionHandlerPreparerTest.testThatPreparationWorksForEnumMap(ValueProvisionHandlerPreparerTest.java:126)
</failure>
  </testcase>
  <testcase name="testThatPreparationThrowsException" classname="com.tmt.kontroll.test.persistence.run.data.preparation.entity.values.provision.ValueProvisionHandlerPreparerTest" time="0.009"/>
</testsuite>