<?xml version="1.0" encoding="UTF-8"?>
<testsuite name="com.tmt.kontroll.test.persistence.run.data.preparation.entity.values.provision.collection.impl.ListValueProviderTest" time="0.031" tests="12" errors="0" skipped="0" failures="0">
  <properties>
[...]
</properties>
  <testcase name="testThatProvideThrowsExceptionWhenNextProviderIsNull" classname="com.tmt.kontroll.test.persistence.run.data.preparation.entity.values.provision.collection.impl.ListValueProviderTest" time="0.002"/>
  <testcase name="testThatFetchNextValueThrowsExceptionWhenNextProviderIsNull" classname="com.tmt.kontroll.test.persistence.run.data.preparation.entity.values.provision.collection.impl.ListValueProviderTest" time="0.002"/>
  <testcase name="testThatProvideWorks" classname="com.tmt.kontroll.test.persistence.run.data.preparation.entity.values.provision.collection.impl.ListValueProviderTest" time="0.002"/>
  <testcase name="testThatFetchNextValueWorks" classname="com.tmt.kontroll.test.persistence.run.data.preparation.entity.values.provision.collection.impl.ListValueProviderTest" time="0.003"/>
  <testcase name="testThatCanProvideValueWorks" classname="com.tmt.kontroll.test.persistence.run.data.preparation.entity.values.provision.collection.impl.ListValueProviderTest" time="0.002"/>
  <testcase name="testThatFetchValueProviderTypeWorks" classname="com.tmt.kontroll.test.persistence.run.data.preparation.entity.values.provision.collection.impl.ListValueProviderTest" time="0.02"/>
  <testcase name="testThatFetchValueProviderTypeCallsNextValue" classname="com.tmt.kontroll.test.persistence.run.data.preparation.entity.values.provision.collection.impl.ListValueProviderTest" time="0"/>
  <testcase name="testThatCanProvideValueCallsNextValue" classname="com.tmt.kontroll.test.persistence.run.data.preparation.entity.values.provision.collection.impl.ListValueProviderTest" time="0"/>
  <testcase name="testThatProvideCallsNextValue" classname="com.tmt.kontroll.test.persistence.run.data.preparation.entity.values.provision.collection.impl.ListValueProviderTest" time="0"/>
  <testcase name="testThatFetchNextValueCallsNextValue" classname="com.tmt.kontroll.test.persistence.run.data.preparation.entity.values.provision.collection.impl.ListValueProviderTest" time="0"/>
  <testcase name="testThatFetchValueProviderTypeThrowsExceptionWhenNextProviderIsNull" classname="com.tmt.kontroll.test.persistence.run.data.preparation.entity.values.provision.collection.impl.ListValueProviderTest" time="0"/>
  <testcase name="testThatCanProvideValueDoesNotThrowExceptionWhenNextProviderIsNull" classname="com.tmt.kontroll.test.persistence.run.data.preparation.entity.values.provision.collection.impl.ListValueProviderTest" time="0"/>
</testsuite>