<?xml version="1.0" encoding="UTF-8"?>
<testsuite name="com.tmt.kontroll.test.persistence.run.data.preparation.entity.values.provision.ValueProvisionPreparerTest" time="0.696" tests="8" errors="0" skipped="0" failures="2">
  <properties>
[...]
</properties>
  <testcase name="testThatPreparationDoesNotTreatEveryMapAsAnEnumMap" classname="com.tmt.kontroll.test.persistence.run.data.preparation.entity.values.provision.ValueProvisionPreparerTest" time="0.548"/>
  <testcase name="testThatPreparationDoesNothingForStandardFields" classname="com.tmt.kontroll.test.persistence.run.data.preparation.entity.values.provision.ValueProvisionPreparerTest" time="0.011"/>
  <testcase name="testThatPreparationDoesNothingIfNotArrayButThreeTypes" classname="com.tmt.kontroll.test.persistence.run.data.preparation.entity.values.provision.ValueProvisionPreparerTest" time="0.104"/>
  <testcase name="testThatPreparationWorksForArray" classname="com.tmt.kontroll.test.persistence.run.data.preparation.entity.values.provision.ValueProvisionPreparerTest" time="0"/>
  <testcase name="testThatPreparationWorksForEnum" classname="com.tmt.kontroll.test.persistence.run.data.preparation.entity.values.provision.ValueProvisionPreparerTest" time="0"/>
  <testcase name="testThatPreparationWorksForId" classname="com.tmt.kontroll.test.persistence.run.data.preparation.entity.values.provision.ValueProvisionPreparerTest" time="0"/>
  <testcase name="testThatPreparationWorksForEnumMap" classname="com.tmt.kontroll.test.persistence.run.data.preparation.entity.values.provision.ValueProvisionPreparerTest" time="0.023">
    <failure message="&#10;Wanted but not invoked:&#10;enumMapValueProviderFactory.create(&#10;    valueProvisionHandler,&#10;    class com.tmt.kontroll.test.persistence.run.data.preparation.entity.values.provision.ValueProvisionPreparerTest$DummyEnum&#10;);&#10;-&gt; at com.tmt.kontroll.test.persistence.run.data.preparation.entity.values.provision.ValueProvisionPreparerTest.testThatPreparationWorksForEnumMap(ValueProvisionPreparerTest.java:127)&#10;Actually, there were zero interactions with this mock.&#10;" type="org.mockito.exceptions.verification.WantedButNotInvoked">org.mockito.exceptions.verification.WantedButNotInvoked: 
Wanted but not invoked:
enumMapValueProviderFactory.create(
    valueProvisionHandler,
    class com.tmt.kontroll.test.persistence.run.data.preparation.entity.values.provision.ValueProvisionPreparerTest$DummyEnum
);
-> at com.tmt.kontroll.test.persistence.run.data.preparation.entity.values.provision.ValueProvisionPreparerTest.testThatPreparationWorksForEnumMap(ValueProvisionPreparerTest.java:127)
Actually, there were zero interactions with this mock.

	at com.tmt.kontroll.test.persistence.run.data.preparation.entity.values.provision.ValueProvisionPreparerTest.testThatPreparationWorksForEnumMap(ValueProvisionPreparerTest.java:127)
</failure>
  </testcase>
  <testcase name="testThatPreparationThrowsException" classname="com.tmt.kontroll.test.persistence.run.data.preparation.entity.values.provision.ValueProvisionPreparerTest" time="0.01">
    <failure message="Expected exception: java.lang.RuntimeException" type="java.lang.AssertionError">java.lang.AssertionError: Expected exception: java.lang.RuntimeException
	at org.powermock.modules.junit4.internal.impl.PowerMockJUnit44RunnerDelegateImpl$PowerMockJUnit44MethodRunner.runTestMethod(PowerMockJUnit44RunnerDelegateImpl.java:312)
	at org.junit.internal.runners.MethodRoadie$2.run(MethodRoadie.java:86)
	at org.junit.internal.runners.MethodRoadie.runBeforesThenTestThenAfters(MethodRoadie.java:94)
	at org.powermock.modules.junit4.internal.impl.PowerMockJUnit44RunnerDelegateImpl$PowerMockJUnit44MethodRunner.executeTest(PowerMockJUnit44RunnerDelegateImpl.java:294)
	at org.powermock.modules.junit4.internal.impl.PowerMockJUnit47RunnerDelegateImpl$PowerMockJUnit47MethodRunner.executeTestInSuper(PowerMockJUnit47RunnerDelegateImpl.java:127)
	at org.powermock.modules.junit4.internal.impl.PowerMockJUnit47RunnerDelegateImpl$PowerMockJUnit47MethodRunner.executeTest(PowerMockJUnit47RunnerDelegateImpl.java:82)
	at org.powermock.modules.junit4.internal.impl.PowerMockJUnit44RunnerDelegateImpl$PowerMockJUnit44MethodRunner.runBeforesThenTestThenAfters(PowerMockJUnit44RunnerDelegateImpl.java:282)
	at org.junit.internal.runners.MethodRoadie.runTest(MethodRoadie.java:84)
	at org.junit.internal.runners.MethodRoadie.run(MethodRoadie.java:49)
	at org.powermock.modules.junit4.internal.impl.PowerMockJUnit44RunnerDelegateImpl.invokeTestMethod(PowerMockJUnit44RunnerDelegateImpl.java:207)
	at org.powermock.modules.junit4.internal.impl.PowerMockJUnit44RunnerDelegateImpl.runMethods(PowerMockJUnit44RunnerDelegateImpl.java:146)
	at org.powermock.modules.junit4.internal.impl.PowerMockJUnit44RunnerDelegateImpl$1.run(PowerMockJUnit44RunnerDelegateImpl.java:120)
	at org.junit.internal.runners.ClassRoadie.runUnprotected(ClassRoadie.java:34)
	at org.junit.internal.runners.ClassRoadie.runProtected(ClassRoadie.java:44)
	at org.powermock.modules.junit4.internal.impl.PowerMockJUnit44RunnerDelegateImpl.run(PowerMockJUnit44RunnerDelegateImpl.java:118)
	at org.powermock.modules.junit4.common.internal.impl.JUnit4TestSuiteChunkerImpl.run(JUnit4TestSuiteChunkerImpl.java:101)
	at org.powermock.modules.junit4.common.internal.impl.AbstractCommonPowerMockRunner.run(AbstractCommonPowerMockRunner.java:53)
	at org.powermock.modules.junit4.PowerMockRunner.run(PowerMockRunner.java:53)
	at org.apache.maven.surefire.junit4.JUnit4Provider.execute(JUnit4Provider.java:264)
	at org.apache.maven.surefire.junit4.JUnit4Provider.executeTestSet(JUnit4Provider.java:153)
	at org.apache.maven.surefire.junit4.JUnit4Provider.invoke(JUnit4Provider.java:124)
	at sun.reflect.NativeMethodAccessorImpl.invoke0(Native Method)
	at sun.reflect.NativeMethodAccessorImpl.invoke(NativeMethodAccessorImpl.java:57)
	at sun.reflect.DelegatingMethodAccessorImpl.invoke(DelegatingMethodAccessorImpl.java:43)
	at java.lang.reflect.Method.invoke(Method.java:601)
	at org.apache.maven.surefire.util.ReflectionUtils.invokeMethodWithArray2(ReflectionUtils.java:208)
	at org.apache.maven.surefire.booter.ProviderFactory$ProviderProxy.invoke(ProviderFactory.java:159)
	at org.apache.maven.surefire.booter.ProviderFactory.invokeProvider(ProviderFactory.java:87)
	at org.apache.maven.surefire.booter.ForkedBooter.runSuitesInProcess(ForkedBooter.java:153)
	at org.apache.maven.surefire.booter.ForkedBooter.main(ForkedBooter.java:95)
</failure>
  </testcase>
</testsuite>